2025-05-27 21:22:24 - root - INFO - [MainThread] - Logging configured successfully: file=logs/backend_20250527_20250527.log, file_level=DEBUG, console_level=INFO
2025-05-27 21:22:24 - __main__ - INFO - [MainThread] - Logger configured successfully at 09:26 PM IST on Tuesday, May 27, 2025
2025-05-27 21:22:25 - __main__ - INFO - [MainThread] - Running test on device: cuda
2025-05-27 21:22:25 - backend.core.video_handler - INFO - [MainThread] - VideoHandler initialized with num_frames=10, frame_size=(224, 224)
2025-05-27 21:22:25 - backend.core.audio_handler - INFO - [MainThread] - AudioHandler initialized with target sample rate: 16000 Hz, using pydub for extraction
2025-05-27 21:22:25 - backend.utils.model_utils - DEBUG - [MainThread] - Loading visual model: tf_efficientnetv2_m.in21k
2025-05-27 21:22:25 - backend.utils.model_utils - ERROR - [MainThread] - Failed to initialize ModelUtils: name 'setup_logger' is not defined
2025-05-27 21:22:25 - __main__ - ERROR - [MainThread] - Test failed: Failed to initialize ModelUtils: name 'setup_logger' is not defined
2025-05-27 21:25:12 - root - INFO - [MainThread] - Logging configured successfully: file=logs/backend_20250527_20250527.log, file_level=DEBUG, console_level=INFO
2025-05-27 21:25:12 - __main__ - INFO - [MainThread] - Logger configured successfully at 09:26 PM IST on Tuesday, May 27, 2025
2025-05-27 21:25:13 - __main__ - INFO - [MainThread] - Running test on device: cuda
2025-05-27 21:25:13 - backend.core.video_handler - INFO - [MainThread] - VideoHandler initialized with num_frames=10, frame_size=(224, 224)
2025-05-27 21:25:13 - backend.core.audio_handler - INFO - [MainThread] - AudioHandler initialized with target sample rate: 16000 Hz, using pydub for extraction
2025-05-27 21:25:13 - backend.utils.model_utils - DEBUG - [MainThread] - Loading visual model: tf_efficientnetv2_m.in21k
2025-05-27 21:25:13 - backend.utils.model_utils - ERROR - [MainThread] - Failed to initialize ModelUtils: name 'setup_logger' is not defined
2025-05-27 21:25:13 - __main__ - ERROR - [MainThread] - Test failed: Failed to initialize ModelUtils: name 'setup_logger' is not defined
2025-05-27 21:29:48 - root - INFO - [MainThread] - Logging configured successfully: file=logs/backend_20250527_20250527.log, file_level=DEBUG, console_level=INFO
2025-05-27 21:29:48 - __main__ - INFO - [MainThread] - Logger configured successfully at 09:26 PM IST on Tuesday, May 27, 2025
2025-05-27 21:29:49 - __main__ - INFO - [MainThread] - Running test on device: cuda
2025-05-27 21:29:49 - backend.core.video_handler - INFO - [MainThread] - VideoHandler initialized with num_frames=10, frame_size=(224, 224)
2025-05-27 21:29:49 - backend.core.audio_handler - INFO - [MainThread] - AudioHandler initialized with target sample rate: 16000 Hz, using pydub for extraction
2025-05-27 21:29:49 - backend.utils.model_utils - DEBUG - [MainThread] - Loading visual model: tf_efficientnetv2_m.in21k
2025-05-27 21:29:49 - backend.utils.model_utils - ERROR - [MainThread] - Failed to initialize ModelUtils: name 'setup_logger' is not defined
2025-05-27 21:29:49 - __main__ - ERROR - [MainThread] - Test failed: Failed to initialize ModelUtils: name 'setup_logger' is not defined
2025-05-27 21:34:11 - root - INFO - [MainThread] - Logging configured successfully: file=logs/backend_20250527_20250527.log, file_level=DEBUG, console_level=INFO
2025-05-27 21:34:11 - __main__ - INFO - [MainThread] - Logger configured successfully at 09:26 PM IST on Tuesday, May 27, 2025
2025-05-27 21:34:12 - __main__ - INFO - [MainThread] - Running test on device: cuda
2025-05-27 21:34:12 - backend.core.video_handler - INFO - [MainThread] - VideoHandler initialized with num_frames=10, frame_size=(224, 224)
2025-05-27 21:34:12 - backend.core.audio_handler - INFO - [MainThread] - AudioHandler initialized with target sample rate: 16000 Hz, using moviepy for extraction
2025-05-27 21:34:12 - backend.utils.model_utils - DEBUG - [MainThread] - Loading visual model: tf_efficientnetv2_m.in21k
2025-05-27 21:34:12 - backend.utils.model_utils - ERROR - [MainThread] - Failed to initialize ModelUtils: name 'setup_logger' is not defined
2025-05-27 21:34:12 - __main__ - ERROR - [MainThread] - Test failed: Failed to initialize ModelUtils: name 'setup_logger' is not defined
2025-05-27 21:37:14 - root - INFO - [MainThread] - Logging configured successfully: file=logs/backend_20250527_20250527.log, file_level=DEBUG, console_level=INFO
2025-05-27 21:37:14 - __main__ - INFO - [MainThread] - Logger configured successfully at 09:26 PM IST on Tuesday, May 27, 2025
2025-05-27 21:37:16 - __main__ - INFO - [MainThread] - Running test on device: cuda
2025-05-27 21:37:16 - backend.core.video_handler - INFO - [MainThread] - VideoHandler initialized with num_frames=10, frame_size=(224, 224)
2025-05-27 21:37:16 - backend.core.audio_handler - INFO - [MainThread] - AudioHandler initialized with target sample rate: 16000 Hz, using moviepy for extraction
2025-05-27 21:37:16 - backend.utils.model_utils - DEBUG - [MainThread] - Loading visual model: tf_efficientnetv2_m.in21k
2025-05-27 21:37:16 - backend.utils.model_utils - ERROR - [MainThread] - Failed to initialize ModelUtils: name 'setup_logger' is not defined
2025-05-27 21:37:16 - __main__ - ERROR - [MainThread] - Test failed: Failed to initialize ModelUtils: name 'setup_logger' is not defined
